#
# A fatal error has been detected by the Java Runtime Environment:
#
#  SIGSEGV (0xb) at pc=0x000000010d4f3c7e, pid=15181, tid=37379
#
# JRE version: OpenJDK Runtime Environment (17.0.2+8) (build 17.0.2+8-86)
# Java VM: OpenJDK 64-Bit Server VM (17.0.2+8-86, mixed mode, sharing, tiered, compressed oops, compressed class ptrs, g1 gc, bsd-amd64)
# Problematic frame:
# V  [libjvm.dylib+0x719c7e]  _ZN9PhaseLive7computeEj+0x55e
#
# No core dump will be written. Core dumps have been disabled. To enable core dumping, try "ulimit -c unlimited" before starting Java again
#
# If you would like to submit a bug report, please visit:
#   https://bugreport.java.com/bugreport/crash.jsp
#

---------------  S U M M A R Y ------------

Command Line: --add-opens=java.base/java.util=ALL-UNNAMED --add-opens=java.base/java.lang.reflect=ALL-UNNAMED --add-opens=java.base/java.text=ALL-UNNAMED --add-opens=java.desktop/java.awt.font=ALL-UNNAMED -Dclassworlds.conf=/Users/jonathan/Developer/apache-maven-3.8.5/bin/m2.conf -Dmaven.home=/Users/jonathan/Developer/apache-maven-3.8.5 -Dlibrary.jansi.path=/Users/jonathan/Developer/apache-maven-3.8.5/lib/jansi-native -Dmaven.multiModuleProjectDirectory=/Users/jonathan/Workspaces/telenav-build org.codehaus.plexus.classworlds.launcher.Launcher -Dmaven.test.skip=true clean install

Host: "iMac20,1" x86_64 3800 MHz, 16 cores, 128G, Darwin 21.6.0, macOS 12.6 (21G115)
Time: Tue Oct 11 17:10:28 2022 MDT elapsed time: 3.919063 seconds (0d 0h 0m 3s)

---------------  T H R E A D  ---------------

Current thread (0x00007fb17c860000):  JavaThread "C2 CompilerThread6" daemon [_thread_in_native, id=37379, stack(0x000070000b1d8000,0x000070000b2d8000)]


Current CompileTask:
C2:   3919 9871   !   4       org.apache.maven.model.BuildBase::clone (211 bytes)

Stack: [0x000070000b1d8000,0x000070000b2d8000],  sp=0x000070000b2d4880,  free space=1010k
Native frames: (J=compiled Java code, j=interpreted, Vv=VM code, C=native code)
V  [libjvm.dylib+0x719c7e]  _ZN9PhaseLive7computeEj+0x55e
V  [libjvm.dylib+0x29c15a]  _ZN12PhaseChaitin17Register_AllocateEv+0x8ba
V  [libjvm.dylib+0x317b20]  _ZN7Compile8Code_GenEv+0x3d0
V  [libjvm.dylib+0x314dfe]  _ZN7CompileC2EP5ciEnvP8ciMethodibbbbbP12DirectiveSet+0x116e
V  [libjvm.dylib+0x27c432]  _ZN10C2Compiler14compile_methodEP5ciEnvP8ciMethodibP12DirectiveSet+0xf2
V  [libjvm.dylib+0x327a61]  _ZN13CompileBroker25invoke_compiler_on_methodEP11CompileTask+0x651
V  [libjvm.dylib+0x32737e]  _ZN13CompileBroker20compiler_thread_loopEv+0x44e
V  [libjvm.dylib+0x9f4547]  _ZN10JavaThread17thread_main_innerEv+0x147
V  [libjvm.dylib+0x9f295a]  _ZN6Thread8call_runEv+0x11a
V  [libjvm.dylib+0x886758]  _ZL19thread_native_entryP6Thread+0x148
C  [libsystem_pthread.dylib+0x64e1]  _pthread_start+0x7d
C  [libsystem_pthread.dylib+0x1f6b]  thread_start+0xf


siginfo: si_signo: 11 (SIGSEGV), si_code: 0 (unknown), si_addr: 0x0000000000000000

Register to memory mapping:

RAX=0x010da79738000000 is an unknown value
RBX=0x0 is NULL
RCX=0x0000000000003cfc is an unknown value
RDX=0x00007fb13c7d486d points into unknown readable memory: 00 00 00
RSP=0x000070000b2d4880 is pointing into the stack for thread: 0x00007fb17c860000
RBP=0x000070000b2d4950 is pointing into the stack for thread: 0x00007fb17c860000
RSI=0x0000000000000001 is an unknown value
RDI=0x000070000b2d4968 is pointing into the stack for thread: 0x00007fb17c860000
R8 =0x00007fb17d664818 points into unknown readable memory: 0x000000010d9b8f70 | 70 8f 9b 0d 01 00 00 00
R9 =0x000000010da79738: _ZN8IndexSet12_empty_blockE+0 in /Users/jonathan/Developer/jdk-17.0.2.jdk/Contents/Home/lib/server/libjvm.dylib at 0x000000010cdda000
R10=0x000070000b2d47f8 is pointing into the stack for thread: 0x00007fb17c860000
R11=0x0000000000000018 is an unknown value
R12=0x0 is NULL
R13=0x000070000b2d4968 is pointing into the stack for thread: 0x00007fb17c860000
R14=0x00007fb17d2b0a10 points into unknown readable memory: 0x000000010d9ea0a0 | a0 a0 9e 0d 01 00 00 00
R15=0x0 is NULL


Registers:
RAX=0x010da79738000000, RBX=0x0000000000000000, RCX=0x0000000000003cfc, RDX=0x00007fb13c7d486d
RSP=0x000070000b2d4880, RBP=0x000070000b2d4950, RSI=0x0000000000000001, RDI=0x000070000b2d4968
R8 =0x00007fb17d664818, R9 =0x000000010da79738, R10=0x000070000b2d47f8, R11=0x0000000000000018
R12=0x0000000000000000, R13=0x000070000b2d4968, R14=0x00007fb17d2b0a10, R15=0x0000000000000000
RIP=0x000000010d4f3c7e, EFLAGS=0x0000000000010246, ERR=0x0000000000000000
  TRAPNO=0x000000000000000d

Top of Stack: (sp=0x000070000b2d4880)
0x000070000b2d4880:   00007fb10d0d8a00 00007fb10d0de090
0x000070000b2d4890:   000000010d9bb678 00007fb100000008
0x000070000b2d48a0:   00007fb13c7abb60 0000000000000008
0x000070000b2d48b0:   0000600002c63420 00000000000008e4
0x000070000b2d48c0:   00000000000008e5 0000600002c63420
0x000070000b2d48d0:   00007fb10d0e09e8 00000000003368d8
0x000070000b2d48e0:   00007fb1507d0010 00000000000088e0
0x000070000b2d48f0:   0000000000000000 00007fb1507d88f8
0x000070000b2d4900:   000070000b2d4968 0000000000000003
0x000070000b2d4910:   00007fb1507d88f0 00007fb13c7d486d
0x000070000b2d4920:   0000000200161ca0 000070000b2d4968
0x000070000b2d4930:   000070000b2d4b78 000070000b2d62c8
0x000070000b2d4940:   000070000b2d49d0 00007fb11b705a10
0x000070000b2d4950:   000070000b2d4be0 000000010d07615a
0x000070000b2d4960:   000070000b2dffff 00007ff80000000a
0x000070000b2d4970:   000070000b2d7158 00007fb150770010
0x000070000b2d4980:   0000000000000000 00007fb1507d0010
0x000070000b2d4990:   00007fb13c7cf010 00007fb16b9ac6f0
0x000070000b2d49a0:   00007fb17b9c8f30 000070000b2d6438
0x000070000b2d49b0:   000070000b2d63c8 0000000000002361
0x000070000b2d49c0:   000070000b2d4b78 000070000b2d6200
0x000070000b2d49d0:   000000010da00000 0000000000000000
0x000070000b2d49e0:   000070000b2d7158 000070000b2d6200
0x000070000b2d49f0:   0000000000000000 000000010d8c2d99
0x000070000b2d4a00:   0000000000000000 0000000000000000
0x000070000b2d4a10:   0000000000000000 000000010d8c2d99
0x000070000b2d4a20:   0000000000000000 00007ff812ac8f01
0x000070000b2d4a30:   000070000b2d4a70 00007ff812ac6eee
0x000070000b2d4a40:   0043900000439000 000000000000000d
0x000070000b2d4a50:   0043900000439000 000060000226aca0
0x000070000b2d4a60:   000070000b2d4a80 000000010d7d5a43
0x000070000b2d4a70:   000070000b2d4a80 000000010d7d5b05 

Instructions: (pc=0x000000010d4f3c7e)
0x000000010d4f3b7e:   00 00 48 8b 4d 90 48 8b 75 98 48 8d 4c 31 08 48
0x000000010d4f3b8e:   89 4d a8 eb 1e 66 2e 0f 1f 84 00 00 00 00 00 0f
0x000000010d4f3b9e:   1f 00 48 8b 45 b8 48 ff c8 83 7d d4 02 0f 82 1f
0x000000010d4f3bae:   02 00 00 8d 70 ff 41 39 76 18 48 89 45 b8 76 22
0x000000010d4f3bbe:   49 8b 46 20 89 f1 4c 8b 04 c8 41 8b 40 2c 83 e0
0x000000010d4f3bce:   0f 83 f8 0c 75 1f e9 77 01 00 00 0f 1f 80 00 00
0x000000010d4f3bde:   00 00 45 31 c0 41 8b 40 2c 83 e0 0f 83 f8 0c 0f
0x000000010d4f3bee:   84 5d 01 00 00 49 8b 45 48 49 63 48 28 48 8b 40
0x000000010d4f3bfe:   08 44 8b 24 88 4d 85 e4 89 75 d4 74 65 48 8b 45
0x000000010d4f3c0e:   a8 48 8b 00 4d 89 e7 49 c1 ef 08 4a 8b 04 f8 48
0x000000010d4f3c1e:   3b 05 34 25 48 00 75 16 48 8b 7d c0 44 89 e6 4c
0x000000010d4f3c2e:   89 c3 e8 8b 66 dc ff 49 89 d8 48 8b 55 c8 44 89
0x000000010d4f3c3e:   e3 c1 eb 06 83 e3 03 be 01 00 00 00 44 89 e1 48
0x000000010d4f3c4e:   d3 e6 48 8b 0c d8 48 89 cf 4c 0f ab e7 48 89 3c
0x000000010d4f3c5e:   d8 4c 0f a3 e1 72 15 48 8b 45 c0 ff 00 eb 0d 0f
0x000000010d4f3c6e:   1f 00 be 01 00 00 00 31 db 45 31 ff 48 8b 42 08
0x000000010d4f3c7e:   4a 8b 04 f8 48 8b 0c d8 48 89 f7 48 f7 d7 48 21
0x000000010d4f3c8e:   cf 48 89 3c d8 48 85 f1 74 02 ff 0a 45 8b 48 18
0x000000010d4f3c9e:   49 83 f9 02 0f 82 f8 fe ff ff 41 bf 01 00 00 00
0x000000010d4f3cae:   4c 89 4d a0 eb 18 66 2e 0f 1f 84 00 00 00 00 00
0x000000010d4f3cbe:   66 90 49 ff c7 4d 39 f9 0f 84 d4 fe ff ff 49 8b
0x000000010d4f3cce:   40 08 4a 8b 04 f8 8b 40 28 49 8b 4d 40 48 8b 49
0x000000010d4f3cde:   78 4c 39 34 c1 74 db 48 98 49 8b 4d 48 48 8b 49
0x000000010d4f3cee:   08 8b 1c 81 48 85 db 74 c9 48 8b 42 08 48 89 d9
0x000000010d4f3cfe:   48 c1 e9 08 48 8b 04 c8 48 3b 05 4b 24 48 00 75
0x000000010d4f3d0e:   18 48 89 d7 89 de 4d 89 c4 e8 a4 65 dc ff 4c 8b
0x000000010d4f3d1e:   4d a0 4d 89 e0 48 8b 55 c8 89 d9 c1 e9 06 83 e1
0x000000010d4f3d2e:   03 48 8b 3c c8 48 89 fe 48 0f ab de 48 89 34 c8
0x000000010d4f3d3e:   48 0f a3 df 0f 82 78 ff ff ff ff 02 e9 71 ff ff
0x000000010d4f3d4e:   ff 90 48 8b 45 b8 85 c0 75 7d bb 01 00 00 00 eb
0x000000010d4f3d5e:   2d 90 49 8b 46 20 48 8b 00 48 8d 8d 48 ff ff ff
0x000000010d4f3d6e:   48 8b 40 08 48 8b 04 d8 8b 40 28 48 8b 76 78 48 


Stack slot to memory mapping:
stack at sp + 0 slots: 0x00007fb10d0d8a00 points into unknown readable memory: 0x00007fb1507d0000 | 00 00 7d 50 b1 7f 00 00
stack at sp + 1 slots: 0x00007fb10d0de090 points into unknown readable memory: 0x000000010da79738 | 38 97 a7 0d 01 00 00 00
stack at sp + 2 slots: 0x000000010d9bb678: _ZTV24CallStaticJavaDirectNode+0x10 in /Users/jonathan/Developer/jdk-17.0.2.jdk/Contents/Home/lib/server/libjvm.dylib at 0x000000010cdda000
stack at sp + 3 slots: 0x00007fb100000008 points into unknown readable memory: 0x0000000000000000 | 00 00 00 00 00 00 00 00
stack at sp + 4 slots: 0x00007fb13c7abb60 points into unknown readable memory: 0xa900e3ff00ae57f8 | f8 57 ae 00 ff e3 00 a9
stack at sp + 5 slots: 0x0000000000000008 is an unknown value
stack at sp + 6 slots: 0x0000600002c63420 points into unknown readable memory: 0x0000000000000006 | 06 00 00 00 00 00 00 00
stack at sp + 7 slots: 0x00000000000008e4 is an unknown value


---------------  P R O C E S S  ---------------

Threads class SMR info:
_java_thread_list=0x000060000238f3a0, length=30, elements={
0x00007fb17b808200, 0x00007fb17d02a800, 0x00007fb16b80a400, 0x00007fb17d02ec00,
0x00007fb17d031200, 0x00007fb17d031800, 0x00007fb17d02f200, 0x00007fb17d02f800,
0x00007fb17d02fe00, 0x00007fb17b815000, 0x00007fb17d030400, 0x00007fb17b986c00,
0x00007fb17ba17c00, 0x00007fb17c854600, 0x00007fb16c009a00, 0x00007fb13c013000,
0x00007fb16b86c800, 0x00007fb16b93da00, 0x00007fb17c85fa00, 0x00007fb17c860000,
0x00007fb15bcdc800, 0x00007fb17c8eb400, 0x00007fb16c5dd800, 0x00007fb16c054000,
0x00007fb17ca6bc00, 0x00007fb17d358a00, 0x00007fb17bf70c00, 0x00007fb17d6fd200,
0x00007fb13c68ac00, 0x00007fb16b989c00
}

Java Threads: ( => current thread )
  0x00007fb17b808200 JavaThread "main" [_thread_in_Java, id=7683, stack(0x0000700009684000,0x0000700009784000)]
  0x00007fb17d02a800 JavaThread "Reference Handler" daemon [_thread_blocked, id=16387, stack(0x0000700009d99000,0x0000700009e99000)]
  0x00007fb16b80a400 JavaThread "Finalizer" daemon [_thread_blocked, id=16643, stack(0x0000700009e9c000,0x0000700009f9c000)]
  0x00007fb17d02ec00 JavaThread "Signal Dispatcher" daemon [_thread_blocked, id=42243, stack(0x000070000a0a5000,0x000070000a1a5000)]
  0x00007fb17d031200 JavaThread "Service Thread" daemon [_thread_blocked, id=23043, stack(0x000070000a1a8000,0x000070000a2a8000)]
  0x00007fb17d031800 JavaThread "Monitor Deflation Thread" daemon [_thread_blocked, id=23299, stack(0x000070000a2ab000,0x000070000a3ab000)]
  0x00007fb17d02f200 JavaThread "C2 CompilerThread0" daemon [_thread_in_native, id=41475, stack(0x000070000a3ae000,0x000070000a4ae000)]
  0x00007fb17d02f800 JavaThread "C1 CompilerThread0" daemon [_thread_blocked, id=40963, stack(0x000070000a4b1000,0x000070000a5b1000)]
  0x00007fb17d02fe00 JavaThread "Sweeper thread" daemon [_thread_blocked, id=40707, stack(0x000070000a5b4000,0x000070000a6b4000)]
  0x00007fb17b815000 JavaThread "C1 CompilerThread1" daemon [_thread_blocked, id=24067, stack(0x000070000a6b7000,0x000070000a7b7000)]
  0x00007fb17d030400 JavaThread "Common-Cleaner" daemon [_thread_blocked, id=40195, stack(0x000070000a7ba000,0x000070000a8ba000)]
  0x00007fb17b986c00 JavaThread "Notification Thread" daemon [_thread_blocked, id=39939, stack(0x000070000a8bd000,0x000070000a9bd000)]
  0x00007fb17ba17c00 JavaThread "C2 CompilerThread1" daemon [_thread_in_native, id=25091, stack(0x000070000aac3000,0x000070000abc3000)]
  0x00007fb17c854600 JavaThread "C1 CompilerThread2" daemon [_thread_blocked, id=38915, stack(0x000070000abc6000,0x000070000acc6000)]
  0x00007fb16c009a00 JavaThread "C1 CompilerThread3" daemon [_thread_blocked, id=25347, stack(0x000070000acc9000,0x000070000adc9000)]
  0x00007fb13c013000 JavaThread "C2 CompilerThread2" daemon [_thread_in_native, id=38403, stack(0x000070000adcc000,0x000070000aecc000)]
  0x00007fb16b86c800 JavaThread "C2 CompilerThread3" daemon [_thread_in_native, id=25859, stack(0x000070000aecf000,0x000070000afcf000)]
  0x00007fb16b93da00 JavaThread "C2 CompilerThread4" daemon [_thread_in_native, id=26371, stack(0x000070000afd2000,0x000070000b0d2000)]
  0x00007fb17c85fa00 JavaThread "C2 CompilerThread5" daemon [_thread_in_native, id=37635, stack(0x000070000b0d5000,0x000070000b1d5000)]
=>0x00007fb17c860000 JavaThread "C2 CompilerThread6" daemon [_thread_in_native, id=37379, stack(0x000070000b1d8000,0x000070000b2d8000)]
  0x00007fb15bcdc800 JavaThread "ProcessQueue0" daemon [_thread_in_native, id=30467, stack(0x000070000c30b000,0x000070000c40b000)]
  0x00007fb17c8eb400 JavaThread "Process timeout killer" daemon [_thread_blocked, id=29955, stack(0x000070000c40e000,0x000070000c50e000)]
  0x00007fb16c5dd800 JavaThread "ForkJoinPool.commonPool-worker-1" daemon [_thread_blocked, id=29699, stack(0x000070000c511000,0x000070000c611000)]
  0x00007fb16c054000 JavaThread "ProcessQueue1" daemon [_thread_in_native, id=87043, stack(0x000070000c614000,0x000070000c714000)]
  0x00007fb17ca6bc00 JavaThread "ProcessQueue2" daemon [_thread_in_native, id=43779, stack(0x000070000c717000,0x000070000c817000)]
  0x00007fb17d358a00 JavaThread "ProcessQueue3" daemon [_thread_in_native, id=36879, stack(0x000070000b2db000,0x000070000b3db000)]
  0x00007fb17bf70c00 JavaThread "ProcessQueue4" daemon [_thread_in_native, id=45063, stack(0x000070000ca20000,0x000070000cb20000)]
  0x00007fb17d6fd200 JavaThread "ProcessQueue5" daemon [_thread_in_native, id=85255, stack(0x000070000cb23000,0x000070000cc23000)]
  0x00007fb13c68ac00 JavaThread "ProcessQueue6" daemon [_thread_in_native, id=46087, stack(0x000070000cc26000,0x000070000cd26000)]
  0x00007fb16b989c00 JavaThread "ProcessQueue7" daemon [_thread_in_native, id=84747, stack(0x000070000cd29000,0x000070000ce29000)]

Other Threads:
  0x00007fb17c2080c0 VMThread "VM Thread" [stack: 0x0000700009c96000,0x0000700009d96000] [id=15875]
  0x00007fb17b7114f0 WatcherThread [stack: 0x000070000a9c0000,0x000070000aac0000] [id=24835]
  0x00007fb17b708970 GCTaskThread "GC Thread#0" [stack: 0x0000700009787000,0x0000700009887000] [id=12547]
  0x00007fb17c236f00 GCTaskThread "GC Thread#1" [stack: 0x000070000b3de000,0x000070000b4de000] [id=26883]
  0x00007fb17c237370 GCTaskThread "GC Thread#2" [stack: 0x000070000b4e1000,0x000070000b5e1000] [id=36355]
  0x00007fb17c2377e0 GCTaskThread "GC Thread#3" [stack: 0x000070000b5e4000,0x000070000b6e4000] [id=27395]
  0x00007fb17c237c50 GCTaskThread "GC Thread#4" [stack: 0x000070000b6e7000,0x000070000b7e7000] [id=35587]
  0x00007fb17c2380c0 GCTaskThread "GC Thread#5" [stack: 0x000070000b7ea000,0x000070000b8ea000] [id=27651]
  0x00007fb17c238530 GCTaskThread "GC Thread#6" [stack: 0x000070000b8ed000,0x000070000b9ed000] [id=34819]
  0x00007fb17c2389a0 GCTaskThread "GC Thread#7" [stack: 0x000070000b9f0000,0x000070000baf0000] [id=34307]
  0x00007fb17c238e10 GCTaskThread "GC Thread#8" [stack: 0x000070000baf3000,0x000070000bbf3000] [id=34051]
  0x00007fb17c239280 GCTaskThread "GC Thread#9" [stack: 0x000070000bbf6000,0x000070000bcf6000] [id=33539]
  0x00007fb17c2396f0 GCTaskThread "GC Thread#10" [stack: 0x000070000bcf9000,0x000070000bdf9000] [id=33283]
  0x00007fb17c239b60 GCTaskThread "GC Thread#11" [stack: 0x000070000bdfc000,0x000070000befc000] [id=32771]
  0x00007fb17c239fd0 GCTaskThread "GC Thread#12" [stack: 0x000070000beff000,0x000070000bfff000] [id=32259]
  0x00007fb17b709010 ConcurrentGCThread "G1 Main Marker" [stack: 0x000070000988a000,0x000070000998a000] [id=19715]
  0x00007fb17b709890 ConcurrentGCThread "G1 Conc#0" [stack: 0x000070000998d000,0x0000700009a8d000] [id=19203]
  0x00007fb17b72bfb0 ConcurrentGCThread "G1 Conc#1" [stack: 0x000070000c81a000,0x000070000c91a000] [id=86275]
  0x00007fb17b72c890 ConcurrentGCThread "G1 Conc#2" [stack: 0x000070000c91d000,0x000070000ca1d000] [id=85763]
  0x00007fb17b70d4f0 ConcurrentGCThread "G1 Refine#0" [stack: 0x0000700009a90000,0x0000700009b90000] [id=18691]
  0x00007fb17b7213b0 ConcurrentGCThread "G1 Refine#1" [stack: 0x000070000c002000,0x000070000c102000] [id=28675]
  0x00007fb0db8045b0 ConcurrentGCThread "G1 Refine#2" [stack: 0x000070000c105000,0x000070000c205000] [id=31491]
  0x00007fb0cb7054e0 ConcurrentGCThread "G1 Refine#3" [stack: 0x000070000c208000,0x000070000c308000] [id=30979]
  0x00007fb17c204850 ConcurrentGCThread "G1 Service" [stack: 0x0000700009b93000,0x0000700009c93000] [id=18435]

Threads with active compile tasks:
C2 CompilerThread0     3926 10498       4       com.sun.tools.javac.comp.Resolve$AbstractMethodCheck::argumentsAcceptable (288 bytes)
C1 CompilerThread1     3926 10507       3       com.sun.tools.javac.comp.AttrRecover::basicMethodInvocationRecovery (102 bytes)
C2 CompilerThread1     3926 10489       4       com.sun.tools.javac.comp.Resolve::isAccessible (402 bytes)
C2 CompilerThread2     3926 10499       4       com.sun.tools.javac.comp.Resolve::findMemberType (33 bytes)
C2 CompilerThread3     3926 10400       4       com.sun.tools.javac.jvm.PoolWriter$WriteablePoolHelper::writeConstant (863 bytes)
C2 CompilerThread4     3926 10353       4       com.sun.tools.javac.code.Symbol$MethodSymbol::implementation (11 bytes)
C2 CompilerThread5     3926 10390       4       com.sun.tools.javac.comp.Resolve::notOverriddenIn (97 bytes)
C2 CompilerThread6     3926 9871   !   4       org.apache.maven.model.BuildBase::clone (211 bytes)

VM state: not at safepoint (normal execution)

VM Mutex/Monitor currently owned by a thread: None

Heap address: 0x0000001001000000, size: 30688 MB, Compressed Oops mode: Non-zero disjoint base: 0x0000001000000000, Oop shift amount: 3

CDS archive(s) mapped at: [0x0000000800000000-0x0000000800bd4000-0x0000000800bd4000), size 12402688, SharedBaseAddress: 0x0000000800000000, ArchiveRelocationMode: 0.
Compressed class space mapped at: 0x0000000800c00000-0x0000000840c00000, reserved size: 1073741824
Narrow klass base: 0x0000000800000000, Narrow klass shift: 0, Narrow klass range: 0x100000000

GC Precious Log:
 CPUs: 16 total, 16 available
 Memory: 128G
 Large Page Support: Disabled
 NUMA Support: Disabled
 Compressed Oops: Enabled (Non-zero disjoint base)
 Heap Region Size: 16M
 Heap Min Capacity: 16M
 Heap Initial Capacity: 2G
 Heap Max Capacity: 30688M
 Pre-touch: Disabled
 Parallel Workers: 13
 Concurrent Workers: 3
 Concurrent Refinement Workers: 13
 Periodic GC: Disabled

Heap:
 garbage-first heap   total 491520K, used 122648K [0x0000001001000000, 0x000000177f000000)
  region size 16384K, 3 young (49152K), 1 survivors (16384K)
 Metaspace       used 36649K, committed 37056K, reserved 1089536K
  class space    used 4009K, committed 4224K, reserved 1048576K

Heap Regions: E=young(eden), S=young(survivor), O=old, HS=humongous(starts), HC=humongous(continues), CS=collection set, F=free, OA=open archive, CA=closed archive, TAMS=top-at-mark-start (previous, next)
|   0|0x0000001001000000, 0x0000001002000000, 0x0000001002000000|100%| O|  |TAMS 0x0000001002000000, 0x0000001001000000| Untracked 
|   1|0x0000001002000000, 0x0000001003000000, 0x0000001003000000|100%| O|  |TAMS 0x0000001003000000, 0x0000001002000000| Untracked 
|   2|0x0000001003000000, 0x0000001004000000, 0x0000001004000000|100%| O|  |TAMS 0x0000001004000000, 0x0000001003000000| Untracked 
|   3|0x0000001004000000, 0x0000001004000000, 0x0000001005000000|  0%| F|  |TAMS 0x0000001004000000, 0x0000001004000000| Untracked 
|   4|0x0000001005000000, 0x0000001006000000, 0x0000001006000000|100%| O|  |TAMS 0x0000001005000000, 0x0000001005000000| Untracked 
|   5|0x0000001006000000, 0x0000001007000000, 0x0000001007000000|100%| O|  |TAMS 0x0000001006000000, 0x0000001006000000| Untracked 
|   6|0x0000001007000000, 0x000000100714ca00, 0x0000001008000000|  8%| O|  |TAMS 0x0000001007000000, 0x0000001007000000| Untracked 
|   7|0x0000001008000000, 0x0000001008000000, 0x0000001009000000|  0%| F|  |TAMS 0x0000001008000000, 0x0000001008000000| Untracked 
|   8|0x0000001009000000, 0x0000001009000000, 0x000000100a000000|  0%| F|  |TAMS 0x0000001009000000, 0x0000001009000000| Untracked 
|   9|0x000000100a000000, 0x000000100a000000, 0x000000100b000000|  0%| F|  |TAMS 0x000000100a000000, 0x000000100a000000| Untracked 
|  10|0x000000100b000000, 0x000000100b000000, 0x000000100c000000|  0%| F|  |TAMS 0x000000100b000000, 0x000000100b000000| Untracked 
|  11|0x000000100c000000, 0x000000100c000000, 0x000000100d000000|  0%| F|  |TAMS 0x000000100c000000, 0x000000100c000000| Untracked 
|  12|0x000000100d000000, 0x000000100d000000, 0x000000100e000000|  0%| F|  |TAMS 0x000000100d000000, 0x000000100d000000| Untracked 
|  13|0x000000100e000000, 0x000000100e000000, 0x000000100f000000|  0%| F|  |TAMS 0x000000100e000000, 0x000000100e000000| Untracked 
|  14|0x000000100f000000, 0x000000100f000000, 0x0000001010000000|  0%| F|  |TAMS 0x000000100f000000, 0x000000100f000000| Untracked 
|  15|0x0000001010000000, 0x0000001010000000, 0x0000001011000000|  0%| F|  |TAMS 0x0000001010000000, 0x0000001010000000| Untracked 
|  16|0x0000001011000000, 0x0000001011000000, 0x0000001012000000|  0%| F|  |TAMS 0x0000001011000000, 0x0000001011000000| Untracked 
|  17|0x0000001012000000, 0x0000001012000000, 0x0000001013000000|  0%| F|  |TAMS 0x0000001012000000, 0x0000001012000000| Untracked 
|  18|0x0000001013000000, 0x0000001013000000, 0x0000001014000000|  0%| F|  |TAMS 0x0000001013000000, 0x0000001013000000| Untracked 
|  19|0x0000001014000000, 0x0000001014000000, 0x0000001015000000|  0%| F|  |TAMS 0x0000001014000000, 0x0000001014000000| Untracked 
|  20|0x0000001015000000, 0x0000001015000000, 0x0000001016000000|  0%| F|  |TAMS 0x0000001015000000, 0x0000001015000000| Untracked 
|  21|0x0000001016000000, 0x0000001016000000, 0x0000001017000000|  0%| F|  |TAMS 0x0000001016000000, 0x0000001016000000| Untracked 
|  22|0x0000001017000000, 0x0000001017000000, 0x0000001018000000|  0%| F|  |TAMS 0x0000001017000000, 0x0000001017000000| Untracked 
|  23|0x0000001018000000, 0x0000001018000000, 0x0000001019000000|  0%| F|  |TAMS 0x0000001018000000, 0x0000001018000000| Untracked 
|  24|0x0000001019000000, 0x0000001019000000, 0x000000101a000000|  0%| F|  |TAMS 0x0000001019000000, 0x0000001019000000| Untracked 
| 123|0x000000107c000000, 0x000000107c7d2010, 0x000000107d000000| 48%| E|  |TAMS 0x000000107c000000, 0x000000107c000000| Complete 
| 124|0x000000107d000000, 0x000000107d684878, 0x000000107e000000| 40%| S|CS|TAMS 0x000000107d000000, 0x000000107d000000| Complete 
| 171|0x00000010ac000000, 0x00000010ad000000, 0x00000010ad000000|100%| E|CS|TAMS 0x00000010ac000000, 0x00000010ac000000| Complete 
|1916|0x000000177d000000, 0x000000177df76000, 0x000000177e000000| 96%|OA|  |TAMS 0x000000177df76000, 0x000000177d000000| Untracked 
|1917|0x000000177e000000, 0x000000177e07f000, 0x000000177f000000|  3%|CA|  |TAMS 0x000000177e07f000, 0x000000177e000000| Untracked 

Card table byte_map: [0x00000001281ad000,0x000000012bd9d000] _byte_map_base: 0x00000001201a5000

Marking Bits (Prev, Next): (CMBitMap*) 0x00007fb17b840250, (CMBitMap*) 0x00007fb17b840210
 Prev Bits: [0x000000014d90d000, 0x000000016b88d000)
 Next Bits: [0x000000012f98d000, 0x000000014d90d000)

Polling page: 0x000000010b9f3000

Metaspace:

Usage:
  Non-class:     31.88 MB used.
      Class:      3.92 MB used.
       Both:     35.79 MB used.

Virtual space:
  Non-class space:       40.00 MB reserved,      32.06 MB ( 80%) committed,  5 nodes.
      Class space:        1.00 GB reserved,       4.12 MB ( <1%) committed,  1 nodes.
             Both:        1.04 GB reserved,      36.19 MB (  3%) committed. 

Chunk freelists:
   Non-Class:  3.20 MB
       Class:  3.92 MB
        Both:  7.12 MB

MaxMetaspaceSize: unlimited
CompressedClassSpaceSize: 1.00 GB
Initial GC threshold: 21.00 MB
Current GC threshold: 36.25 MB
CDS: on
MetaspaceReclaimPolicy: balanced
 - commit_granule_bytes: 65536.
 - commit_granule_words: 8192.
 - virtual_space_node_default_size: 1048576.
 - enlarge_chunks_in_place: 1.
 - new_chunks_are_fully_committed: 0.
 - uncommit_free_chunks: 1.
 - use_allocation_guard: 0.
 - handle_deallocations: 1.


Internal statistics:

num_allocs_failed_limit: 9.
num_arena_births: 288.
num_arena_deaths: 0.
num_vsnodes_births: 6.
num_vsnodes_deaths: 0.
num_space_committed: 579.
num_space_uncommitted: 0.
num_chunks_returned_to_freelist: 9.
num_chunks_taken_from_freelist: 1605.
num_chunk_merges: 9.
num_chunk_splits: 1171.
num_chunks_enlarged: 922.
num_purges: 0.
num_inconsistent_stats: 0.

CodeHeap 'non-profiled nmethods': size=119168Kb used=6213Kb max_used=6213Kb free=112955Kb
 bounds [0x000000011d15d000, 0x000000011d77d000, 0x00000001245bd000]
CodeHeap 'profiled nmethods': size=119164Kb used=22181Kb max_used=22181Kb free=96982Kb
 bounds [0x0000000115cfe000, 0x00000001172ae000, 0x000000011d15d000]
CodeHeap 'non-nmethods': size=7428Kb used=2923Kb max_used=3082Kb free=4505Kb
 bounds [0x00000001155bd000, 0x00000001158cd000, 0x0000000115cfe000]
 total_blobs=9697 nmethods=9149 adapters=458
 compilation: enabled
              stopped_count=0, restarted_count=0
 full_count=0

Compilation events (20 events):
Event: 3.914 Thread 0x00007fb16c009a00 10477       3       com.sun.tools.javac.code.Types$6::visitUndetVar (10 bytes)
Event: 3.914 Thread 0x00007fb17b815000 10478       3       com.sun.tools.javac.code.Types$6::visitUndetVar (28 bytes)
Event: 3.914 Thread 0x00007fb17b815000 nmethod 10478 0x000000011729f690 code [0x000000011729f8a0, 0x00000001172a00b0]
Event: 3.914 Thread 0x00007fb16c009a00 nmethod 10477 0x00000001172a0390 code [0x00000001172a05c0, 0x00000001172a0f70]
Event: 3.915 Thread 0x00007fb17d02f800 10479       3       com.sun.tools.javac.comp.Attr$PostAttrAnalyzer::visitBinary (49 bytes)
Event: 3.915 Thread 0x00007fb16c009a00 10480       3       com.sun.tools.javac.comp.Operators$BinaryNumericOperator::test (13 bytes)
Event: 3.915 Thread 0x00007fb17b815000 10481       3       com.sun.tools.javac.comp.Operators$BinaryNumericOperator::test (46 bytes)
Event: 3.915 Thread 0x00007fb16c009a00 nmethod 10480 0x00000001172a1290 code [0x00000001172a1440, 0x00000001172a1780]
Event: 3.915 Thread 0x00007fb17d02f800 nmethod 10479 0x00000001172a1890 code [0x00000001172a1a80, 0x00000001172a2030]
Event: 3.915 Thread 0x00007fb17b815000 nmethod 10481 0x00000001172a2290 code [0x00000001172a2480, 0x00000001172a2890]
Event: 3.915 Thread 0x00007fb17c854600 10482       3       com.sun.tools.javac.comp.Resolve::resolveMethod (41 bytes)
Event: 3.915 Thread 0x00007fb17d02f800 10483       3       com.sun.tools.javac.comp.Check::checkDivZero (87 bytes)
Event: 3.915 Thread 0x00007fb17c854600 nmethod 10482 0x00000001172a2a10 code [0x00000001172a2bc0, 0x00000001172a2e30]
Event: 3.915 Thread 0x00007fb17d02f800 nmethod 10483 0x00000001172a2f90 code [0x00000001172a31c0, 0x00000001172a3b70]
Event: 3.916 Thread 0x00007fb17b815000 10484       3       com.sun.tools.javac.tree.TreeInfo::isCanonicalConstructor (32 bytes)
Event: 3.916 Thread 0x00007fb16c009a00 10485       3       com.sun.tools.javac.code.DeferredCompletionFailureHandler$3::uninstall (1 bytes)
Event: 3.916 Thread 0x00007fb17b815000 nmethod 10484 0x00000001172a3e10 code [0x00000001172a3fc0, 0x00000001172a42a0]
Event: 3.916 Thread 0x00007fb16c009a00 nmethod 10485 0x00000001172a4390 code [0x00000001172a4520, 0x00000001172a4630]
Event: 3.917 Thread 0x00007fb17c854600 10488       3       com.sun.tools.javac.code.DeferredCompletionFailureHandler$3::install (1 bytes)
Event: 3.917 Thread 0x00007fb17c854600 nmethod 10488 0x00000001172a4710 code [0x00000001172a48a0, 0x00000001172a49b0]

GC Heap History (16 events):
Event: 0.795 GC heap before
{Heap before GC invocations=0 (full 0):
 garbage-first heap   total 2129920K, used 114644K [0x0000001001000000, 0x000000177f000000)
  region size 16384K, 6 young (98304K), 0 survivors (0K)
 Metaspace       used 12070K, committed 12224K, reserved 1064960K
  class space    used 1426K, committed 1536K, reserved 1048576K
}
Event: 0.799 GC heap after
{Heap after GC invocations=1 (full 0):
 garbage-first heap   total 2129920K, used 29841K [0x0000001001000000, 0x000000177f000000)
  region size 16384K, 1 young (16384K), 1 survivors (16384K)
 Metaspace       used 12070K, committed 12224K, reserved 1064960K
  class space    used 1426K, committed 1536K, reserved 1048576K
}
Event: 0.989 GC heap before
{Heap before GC invocations=1 (full 0):
 garbage-first heap   total 2129920K, used 111761K [0x0000001001000000, 0x000000177f000000)
  region size 16384K, 6 young (98304K), 1 survivors (16384K)
 Metaspace       used 12584K, committed 12800K, reserved 1064960K
  class space    used 1429K, committed 1536K, reserved 1048576K
}
Event: 1.000 GC heap after
{Heap after GC invocations=2 (full 0):
 garbage-first heap   total 2129920K, used 48802K [0x0000001001000000, 0x000000177f000000)
  region size 16384K, 1 young (16384K), 1 survivors (16384K)
 Metaspace       used 12584K, committed 12800K, reserved 1064960K
  class space    used 1429K, committed 1536K, reserved 1048576K
}
Event: 1.141 GC heap before
{Heap before GC invocations=2 (full 0):
 garbage-first heap   total 2129920K, used 130722K [0x0000001001000000, 0x000000177f000000)
  region size 16384K, 6 young (98304K), 1 survivors (16384K)
 Metaspace       used 12726K, committed 12928K, reserved 1064960K
  class space    used 1429K, committed 1536K, reserved 1048576K
}
Event: 1.149 GC heap after
{Heap after GC invocations=3 (full 0):
 garbage-first heap   total 2129920K, used 68791K [0x0000001001000000, 0x000000177f000000)
  region size 16384K, 1 young (16384K), 1 survivors (16384K)
 Metaspace       used 12726K, committed 12928K, reserved 1064960K
  class space    used 1429K, committed 1536K, reserved 1048576K
}
Event: 1.403 GC heap before
{Heap before GC invocations=3 (full 0):
 garbage-first heap   total 2129920K, used 150711K [0x0000001001000000, 0x000000177f000000)
  region size 16384K, 6 young (98304K), 1 survivors (16384K)
 Metaspace       used 13850K, committed 14016K, reserved 1064960K
  class space    used 1524K, committed 1600K, reserved 1048576K
}
Event: 1.410 GC heap after
{Heap after GC invocations=4 (full 0):
 garbage-first heap   total 2129920K, used 79706K [0x0000001001000000, 0x000000177f000000)
  region size 16384K, 1 young (16384K), 1 survivors (16384K)
 Metaspace       used 13850K, committed 14016K, reserved 1064960K
  class space    used 1524K, committed 1600K, reserved 1048576K
}
Event: 1.944 GC heap before
{Heap before GC invocations=4 (full 0):
 garbage-first heap   total 2129920K, used 210778K [0x0000001001000000, 0x000000177f000000)
  region size 16384K, 9 young (147456K), 1 survivors (16384K)
 Metaspace       used 18235K, committed 18432K, reserved 1073152K
  class space    used 1935K, committed 2048K, reserved 1048576K
}
Event: 1.951 GC heap after
{Heap after GC invocations=5 (full 0):
 garbage-first heap   total 2129920K, used 89352K [0x0000001001000000, 0x000000177f000000)
  region size 16384K, 2 young (32768K), 2 survivors (32768K)
 Metaspace       used 18235K, committed 18432K, reserved 1073152K
  class space    used 1935K, committed 2048K, reserved 1048576K
}
Event: 2.245 GC heap before
{Heap before GC invocations=5 (full 0):
 garbage-first heap   total 2129920K, used 122120K [0x0000001001000000, 0x000000177f000000)
  region size 16384K, 5 young (81920K), 2 survivors (32768K)
 Metaspace       used 21233K, committed 21504K, reserved 1073152K
  class space    used 2271K, committed 2432K, reserved 1048576K
}
Event: 2.250 GC heap after
{Heap after GC invocations=6 (full 0):
 garbage-first heap   total 2850816K, used 92242K [0x0000001001000000, 0x000000177f000000)
  region size 16384K, 2 young (32768K), 2 survivors (32768K)
 Metaspace       used 21233K, committed 21504K, reserved 1073152K
  class space    used 2271K, committed 2432K, reserved 1048576K
}
Event: 3.700 GC heap before
{Heap before GC invocations=7 (full 0):
 garbage-first heap   total 491520K, used 354386K [0x0000001001000000, 0x000000177f000000)
  region size 16384K, 18 young (294912K), 2 survivors (32768K)
 Metaspace       used 36248K, committed 36672K, reserved 1089536K
  class space    used 4002K, committed 4224K, reserved 1048576K
}
Event: 3.709 GC heap after
{Heap after GC invocations=8 (full 0):
 garbage-first heap   total 491520K, used 112907K [0x0000001001000000, 0x000000177f000000)
  region size 16384K, 3 young (49152K), 3 survivors (49152K)
 Metaspace       used 36248K, committed 36672K, reserved 1089536K
  class space    used 4002K, committed 4224K, reserved 1048576K
}
Event: 3.768 GC heap before
{Heap before GC invocations=8 (full 0):
 garbage-first heap   total 491520K, used 129291K [0x0000001001000000, 0x000000177f000000)
  region size 16384K, 4 young (65536K), 3 survivors (49152K)
 Metaspace       used 36342K, committed 36800K, reserved 1089536K
  class space    used 4005K, committed 4224K, reserved 1048576K
}
Event: 3.779 GC heap after
{Heap after GC invocations=9 (full 0):
 garbage-first heap   total 491520K, used 106264K [0x0000001001000000, 0x000000177f000000)
  region size 16384K, 1 young (16384K), 1 survivors (16384K)
 Metaspace       used 36342K, committed 36800K, reserved 1089536K
  class space    used 4005K, committed 4224K, reserved 1048576K
}

Deoptimization events (20 events):
Event: 3.849 Thread 0x00007fb17b808200 Uncommon trap: trap_request=0xffffffde fr.pc=0x000000011d6c925c relative=0x000000000000075c
Event: 3.849 Thread 0x00007fb17b808200 Uncommon trap: reason=class_check action=maybe_recompile pc=0x000000011d6c925c method=com.sun.tools.javac.code.Types.cvarLowerBound(Lcom/sun/tools/javac/code/Type;)Lcom/sun/tools/javac/code/Type; @ 11 c2
Event: 3.849 Thread 0x00007fb17b808200 DEOPT PACKING pc=0x000000011d6c925c sp=0x0000700009780620
Event: 3.849 Thread 0x00007fb17b808200 DEOPT UNPACKING pc=0x000000011560f099 sp=0x00007000097804a0 mode 2
Event: 3.849 Thread 0x00007fb17b808200 Uncommon trap: trap_request=0xffffffde fr.pc=0x000000011d6c925c relative=0x000000000000075c
Event: 3.849 Thread 0x00007fb17b808200 Uncommon trap: reason=class_check action=maybe_recompile pc=0x000000011d6c925c method=com.sun.tools.javac.code.Types.cvarLowerBound(Lcom/sun/tools/javac/code/Type;)Lcom/sun/tools/javac/code/Type; @ 11 c2
Event: 3.849 Thread 0x00007fb17b808200 DEOPT PACKING pc=0x000000011d6c925c sp=0x0000700009780900
Event: 3.849 Thread 0x00007fb17b808200 DEOPT UNPACKING pc=0x000000011560f099 sp=0x0000700009780780 mode 2
Event: 3.863 Thread 0x00007fb17b808200 Uncommon trap: trap_request=0xffffffde fr.pc=0x000000011d1801d8 relative=0x00000000000001b8
Event: 3.863 Thread 0x00007fb17b808200 Uncommon trap: reason=class_check action=maybe_recompile pc=0x000000011d1801d8 method=java.lang.String.equals(Ljava/lang/Object;)Z @ 8 c2
Event: 3.863 Thread 0x00007fb17b808200 DEOPT PACKING pc=0x000000011d1801d8 sp=0x0000700009781640
Event: 3.863 Thread 0x00007fb17b808200 DEOPT UNPACKING pc=0x000000011560f099 sp=0x0000700009781608 mode 2
Event: 3.902 Thread 0x00007fb17b808200 Uncommon trap: trap_request=0xffffffc6 fr.pc=0x000000011d6c9304 relative=0x0000000000000804
Event: 3.902 Thread 0x00007fb17b808200 Uncommon trap: reason=bimorphic_or_optimized_type_check action=maybe_recompile pc=0x000000011d6c9304 method=com.sun.tools.javac.code.Types.checkUnsafeVarargsConversion(Lcom/sun/tools/javac/code/Type;Lcom/sun/tools/javac/code/Type;Lcom/sun/tools/javac/util
Event: 3.902 Thread 0x00007fb17b808200 DEOPT PACKING pc=0x000000011d6c9304 sp=0x00007000097804c0
Event: 3.902 Thread 0x00007fb17b808200 DEOPT UNPACKING pc=0x000000011560f099 sp=0x0000700009780420 mode 2
Event: 3.902 Thread 0x00007fb17b808200 Uncommon trap: trap_request=0xffffffc6 fr.pc=0x000000011d6c9304 relative=0x0000000000000804
Event: 3.903 Thread 0x00007fb17b808200 Uncommon trap: reason=bimorphic_or_optimized_type_check action=maybe_recompile pc=0x000000011d6c9304 method=com.sun.tools.javac.code.Types.checkUnsafeVarargsConversion(Lcom/sun/tools/javac/code/Type;Lcom/sun/tools/javac/code/Type;Lcom/sun/tools/javac/util
Event: 3.903 Thread 0x00007fb17b808200 DEOPT PACKING pc=0x000000011d6c9304 sp=0x000070000977f600
Event: 3.903 Thread 0x00007fb17b808200 DEOPT UNPACKING pc=0x000000011560f099 sp=0x000070000977f560 mode 2

Classes unloaded (0 events):
No events

Classes redefined (0 events):
No events

Internal exceptions (20 events):
Event: 3.442 Thread 0x00007fb17b808200 Exception <a 'sun/nio/fs/UnixException'{0x000000100ea297c0}> (0x000000100ea297c0) 
thrown [open/src/hotspot/share/prims/jni.cpp, line 516]
Event: 3.459 Thread 0x00007fb17b808200 Exception <a 'sun/nio/fs/UnixException'{0x000000100edb58b0}> (0x000000100edb58b0) 
thrown [open/src/hotspot/share/prims/jni.cpp, line 516]
Event: 3.459 Thread 0x00007fb17b808200 Exception <a 'sun/nio/fs/UnixException'{0x000000100edb5f90}> (0x000000100edb5f90) 
thrown [open/src/hotspot/share/prims/jni.cpp, line 516]
Event: 3.462 Thread 0x00007fb17c8eb400 Exception <a 'java/lang/InterruptedException'{0x0000001013002860}: sleep interrupted> (0x0000001013002860) 
thrown [open/src/hotspot/share/prims/jvm.cpp, line 3067]
Event: 3.468 Thread 0x00007fb17c8eb400 Exception <a 'java/lang/InterruptedException'{0x0000001013002dd0}: sleep interrupted> (0x0000001013002dd0) 
thrown [open/src/hotspot/share/prims/jvm.cpp, line 3067]
Event: 3.475 Thread 0x00007fb17c8eb400 Exception <a 'java/lang/InterruptedException'{0x0000001013003340}: sleep interrupted> (0x0000001013003340) 
thrown [open/src/hotspot/share/prims/jvm.cpp, line 3067]
Event: 3.560 Thread 0x00007fb17b808200 Exception <a 'sun/nio/fs/UnixException'{0x000000100c109220}> (0x000000100c109220) 
thrown [open/src/hotspot/share/prims/jni.cpp, line 516]
Event: 3.560 Thread 0x00007fb17b808200 Exception <a 'sun/nio/fs/UnixException'{0x000000100c109938}> (0x000000100c109938) 
thrown [open/src/hotspot/share/prims/jni.cpp, line 516]
Event: 3.561 Thread 0x00007fb17b808200 Exception <a 'sun/nio/fs/UnixException'{0x000000100c10a048}> (0x000000100c10a048) 
thrown [open/src/hotspot/share/prims/jni.cpp, line 516]
Event: 3.561 Thread 0x00007fb17b808200 Exception <a 'sun/nio/fs/UnixException'{0x000000100c10a740}> (0x000000100c10a740) 
thrown [open/src/hotspot/share/prims/jni.cpp, line 516]
Event: 3.634 Thread 0x00007fb17b808200 Exception <a 'sun/nio/fs/UnixException'{0x000000100cad9fd8}> (0x000000100cad9fd8) 
thrown [open/src/hotspot/share/prims/jni.cpp, line 516]
Event: 3.652 Thread 0x00007fb17b808200 Exception <a 'sun/nio/fs/UnixException'{0x000000100cdde300}> (0x000000100cdde300) 
thrown [open/src/hotspot/share/prims/jni.cpp, line 516]
Event: 3.652 Thread 0x00007fb17b808200 Exception <a 'sun/nio/fs/UnixException'{0x000000100cdde9e0}> (0x000000100cdde9e0) 
thrown [open/src/hotspot/share/prims/jni.cpp, line 516]
Event: 3.654 Thread 0x00007fb17c8eb400 Exception <a 'java/lang/InterruptedException'{0x00000010130038b0}: sleep interrupted> (0x00000010130038b0) 
thrown [open/src/hotspot/share/prims/jvm.cpp, line 3067]
Event: 3.661 Thread 0x00007fb17c8eb400 Exception <a 'java/lang/InterruptedException'{0x0000001013003e20}: sleep interrupted> (0x0000001013003e20) 
thrown [open/src/hotspot/share/prims/jvm.cpp, line 3067]
Event: 3.669 Thread 0x00007fb17c8eb400 Exception <a 'java/lang/InterruptedException'{0x0000001013004390}: sleep interrupted> (0x0000001013004390) 
thrown [open/src/hotspot/share/prims/jvm.cpp, line 3067]
Event: 3.816 Thread 0x00007fb17b808200 Exception <a 'sun/nio/fs/UnixException'{0x00000010ac63a6c0}> (0x00000010ac63a6c0) 
thrown [open/src/hotspot/share/prims/jni.cpp, line 516]
Event: 3.816 Thread 0x00007fb17b808200 Exception <a 'sun/nio/fs/UnixException'{0x00000010ac63add8}> (0x00000010ac63add8) 
thrown [open/src/hotspot/share/prims/jni.cpp, line 516]
Event: 3.816 Thread 0x00007fb17b808200 Exception <a 'sun/nio/fs/UnixException'{0x00000010ac63b4e8}> (0x00000010ac63b4e8) 
thrown [open/src/hotspot/share/prims/jni.cpp, line 516]
Event: 3.816 Thread 0x00007fb17b808200 Exception <a 'sun/nio/fs/UnixException'{0x00000010ac63bbe0}> (0x00000010ac63bbe0) 
thrown [open/src/hotspot/share/prims/jni.cpp, line 516]

VM Operations (20 events):
Event: 3.389 Executing VM operation: ICBufferFull
Event: 3.389 Executing VM operation: ICBufferFull done
Event: 3.487 Executing VM operation: ICBufferFull
Event: 3.487 Executing VM operation: ICBufferFull done
Event: 3.559 Executing VM operation: ICBufferFull
Event: 3.559 Executing VM operation: ICBufferFull done
Event: 3.597 Executing VM operation: HandshakeAllThreads
Event: 3.597 Executing VM operation: HandshakeAllThreads done
Event: 3.630 Executing VM operation: ICBufferFull
Event: 3.631 Executing VM operation: ICBufferFull done
Event: 3.699 Executing VM operation: HandshakeAllThreads
Event: 3.699 Executing VM operation: HandshakeAllThreads done
Event: 3.700 Executing VM operation: G1CollectForAllocation
Event: 3.709 Executing VM operation: G1CollectForAllocation done
Event: 3.768 Executing VM operation: G1CollectForAllocation
Event: 3.779 Executing VM operation: G1CollectForAllocation done
Event: 3.825 Executing VM operation: ICBufferFull
Event: 3.825 Executing VM operation: ICBufferFull done
Event: 3.874 Executing VM operation: ICBufferFull
Event: 3.874 Executing VM operation: ICBufferFull done

Events (20 events):
Event: 3.627 Protecting memory [0x000070000d84a000,0x000070000d84e000] with protection modes 3
Event: 3.627 Thread 0x00007fb16bc1a600 Thread exited: 0x00007fb16bc1a600
Event: 3.627 Protecting memory [0x000070000d33b000,0x000070000d33f000] with protection modes 3
Event: 3.627 Protecting memory [0x000070000d238000,0x000070000d23c000] with protection modes 3
Event: 3.627 Thread 0x00007fb0dc84e200 Thread exited: 0x00007fb0dc84e200
Event: 3.627 Protecting memory [0x000070000d032000,0x000070000d036000] with protection modes 3
Event: 3.627 Thread 0x00007fb0fb860a00 Thread exited: 0x00007fb0fb860a00
Event: 3.627 Protecting memory [0x000070000d43e000,0x000070000d442000] with protection modes 3
Event: 3.627 Thread 0x00007fb0ac25f200 Thread exited: 0x00007fb0ac25f200
Event: 3.627 Thread 0x00007fb0fb928000 Thread exited: 0x00007fb0fb928000
Event: 3.627 Thread 0x00007fb17bf6f600 Thread exited: 0x00007fb17bf6f600
Event: 3.627 Protecting memory [0x000070000d747000,0x000070000d74b000] with protection modes 3
Event: 3.627 Thread 0x00007fb10c858200 Thread exited: 0x00007fb10c858200
Event: 3.627 Thread 0x00007fb16bc18c00 Thread exited: 0x00007fb16bc18c00
Event: 3.627 Thread 0x00007fb16bc14c00 Thread exited: 0x00007fb16bc14c00
Event: 3.711 Thread 0x00007fb17d02fe00 flushing nmethod 0x0000000115e49a90
Event: 3.712 Thread 0x00007fb17d02fe00 flushing nmethod 0x0000000115ff4410
Event: 3.713 Thread 0x00007fb17d02fe00 flushing nmethod 0x0000000116125290
Event: 3.713 Thread 0x00007fb17d02fe00 flushing nmethod 0x0000000116273d90
Event: 3.714 Thread 0x00007fb17d02fe00 flushing nmethod 0x000000011661a990


Dynamic libraries:
0x000000010b979000 	/Users/jonathan/Developer/jdk-17.0.2.jdk/Contents/Home/lib/libjli.dylib
0x00007ff81d7e5000 	/usr/lib/libz.1.dylib
0x00007ff81d8c5000 	/usr/lib/libSystem.B.dylib
0x00007ff81d8c0000 	/usr/lib/system/libcache.dylib
0x00007ff81d87c000 	/usr/lib/system/libcommonCrypto.dylib
0x00007ff81d8a5000 	/usr/lib/system/libcompiler_rt.dylib
0x00007ff81d89b000 	/usr/lib/system/libcopyfile.dylib
0x00007ff812853000 	/usr/lib/system/libcorecrypto.dylib
0x00007ff812911000 	/usr/lib/system/libdispatch.dylib
0x00007ff812ad1000 	/usr/lib/system/libdyld.dylib
0x00007ff81d8b7000 	/usr/lib/system/libkeymgr.dylib
0x00007ff81d85a000 	/usr/lib/system/libmacho.dylib
0x00007ff81cedb000 	/usr/lib/system/libquarantine.dylib
0x00007ff81d8b5000 	/usr/lib/system/libremovefile.dylib
0x00007ff817a66000 	/usr/lib/system/libsystem_asl.dylib
0x00007ff8127fc000 	/usr/lib/system/libsystem_blocks.dylib
0x00007ff812995000 	/usr/lib/system/libsystem_c.dylib
0x00007ff81d8ad000 	/usr/lib/system/libsystem_collections.dylib
0x00007ff81c18f000 	/usr/lib/system/libsystem_configuration.dylib
0x00007ff81b438000 	/usr/lib/system/libsystem_containermanager.dylib
0x00007ff81d592000 	/usr/lib/system/libsystem_coreservices.dylib
0x00007ff815107000 	/usr/lib/system/libsystem_darwin.dylib
0x00007ff81d8b8000 	/usr/lib/system/libsystem_dnssd.dylib
0x00007ff812992000 	/usr/lib/system/libsystem_featureflags.dylib
0x00007ff812ae7000 	/usr/lib/system/libsystem_info.dylib
0x00007ff81d7f8000 	/usr/lib/system/libsystem_m.dylib
0x00007ff8128e5000 	/usr/lib/system/libsystem_malloc.dylib
0x00007ff817a01000 	/usr/lib/system/libsystem_networkextension.dylib
0x00007ff81552d000 	/usr/lib/system/libsystem_notify.dylib
0x00007ff823b35000 	/usr/lib/system/libsystem_product_info_filter.dylib
0x00007ff81c193000 	/usr/lib/system/libsystem_sandbox.dylib
0x00007ff81d8b2000 	/usr/lib/system/libsystem_secinit.dylib
0x00007ff812a8d000 	/usr/lib/system/libsystem_kernel.dylib
0x00007ff812add000 	/usr/lib/system/libsystem_platform.dylib
0x00007ff812ac5000 	/usr/lib/system/libsystem_pthread.dylib
0x00007ff8192b4000 	/usr/lib/system/libsystem_symptoms.dylib
0x00007ff81283a000 	/usr/lib/system/libsystem_trace.dylib
0x00007ff81d888000 	/usr/lib/system/libunwind.dylib
0x00007ff8127fe000 	/usr/lib/system/libxpc.dylib
0x00007ff812a77000 	/usr/lib/libc++abi.dylib
0x00007ff812958000 	/usr/lib/libobjc.A.dylib
0x00007ff81d893000 	/usr/lib/liboah.dylib
0x00007ff812a1e000 	/usr/lib/libc++.1.dylib
0x00007ff829937000 	/System/Library/Frameworks/Cocoa.framework/Versions/A/Cocoa
0x00007ff81558b000 	/System/Library/Frameworks/AppKit.framework/Versions/C/AppKit
0x00007ff818aa2000 	/System/Library/Frameworks/CoreData.framework/Versions/A/CoreData
0x00007ff81398e000 	/System/Library/Frameworks/Foundation.framework/Versions/C/Foundation
0x00007ff81641b000 	/System/Library/PrivateFrameworks/UIFoundation.framework/Versions/A/UIFoundation
0x00007ff823838000 	/System/Library/PrivateFrameworks/RemoteViewServices.framework/Versions/A/RemoteViewServices
0x00007ff81bb19000 	/System/Library/PrivateFrameworks/XCTTargetBootstrap.framework/Versions/A/XCTTargetBootstrap
0x00007ff81f6ce000 	/System/Library/PrivateFrameworks/InternationalSupport.framework/Versions/A/InternationalSupport
0x00007ff81f758000 	/System/Library/PrivateFrameworks/UserActivity.framework/Versions/A/UserActivity
0x00007ff81eaac000 	/usr/lib/libspindump.dylib
0x00007ff8166aa000 	/System/Library/Frameworks/UniformTypeIdentifiers.framework/Versions/A/UniformTypeIdentifiers
0x00007ff81a23d000 	/usr/lib/libapp_launch_measurement.dylib
0x00007ff819474000 	/System/Library/PrivateFrameworks/CoreAnalytics.framework/Versions/A/CoreAnalytics
0x00007ff81a240000 	/System/Library/PrivateFrameworks/CoreAutoLayout.framework/Versions/A/CoreAutoLayout
0x00007ff81b470000 	/System/Library/Frameworks/Metal.framework/Versions/A/Metal
0x00007ff81c19f000 	/usr/lib/liblangid.dylib
0x00007ff81bb1e000 	/System/Library/PrivateFrameworks/CoreSVG.framework/Versions/A/CoreSVG
0x00007ff817a96000 	/System/Library/PrivateFrameworks/SkyLight.framework/Versions/A/SkyLight
0x00007ff817e35000 	/System/Library/Frameworks/CoreGraphics.framework/Versions/A/CoreGraphics
0x00007ff823ef8000 	/System/Library/Frameworks/Accelerate.framework/Versions/A/Accelerate
0x00007ff81e52b000 	/System/Library/PrivateFrameworks/IconServices.framework/Versions/A/IconServices
0x00007ff81b455000 	/System/Library/Frameworks/IOSurface.framework/Versions/A/IOSurface
0x00007ff8194a2000 	/usr/lib/libDiagnosticMessagesClient.dylib
0x00007ff8275db000 	/System/Library/Frameworks/ApplicationServices.framework/Versions/A/ApplicationServices
0x00007ff81bb05000 	/System/Library/PrivateFrameworks/DFRFoundation.framework/Versions/A/DFRFoundation
0x00007ff814e73000 	/usr/lib/libicucore.A.dylib
0x00007ff8204c4000 	/System/Library/Frameworks/AudioToolbox.framework/Versions/A/AudioToolbox
0x00007ff81f6da000 	/System/Library/PrivateFrameworks/DataDetectorsCore.framework/Versions/A/DataDetectorsCore
0x00007ff91bbd5000 	/System/Library/PrivateFrameworks/TextInput.framework/Versions/A/TextInput
0x00007ff817a19000 	/usr/lib/libMobileGestalt.dylib
0x00007ff81b811000 	/System/Library/Frameworks/Carbon.framework/Versions/A/Frameworks/HIToolbox.framework/Versions/A/HIToolbox
0x00007ff819c3f000 	/System/Library/Frameworks/QuartzCore.framework/Versions/A/QuartzCore
0x00007ff814b18000 	/System/Library/Frameworks/Security.framework/Versions/A/Security
0x00007ff823870000 	/System/Library/Frameworks/Carbon.framework/Versions/A/Frameworks/SpeechRecognition.framework/Versions/A/SpeechRecognition
0x00007ff819f9d000 	/System/Library/PrivateFrameworks/CoreUI.framework/Versions/A/CoreUI
0x00007ff8143e2000 	/System/Library/Frameworks/CoreAudio.framework/Versions/A/CoreAudio
0x00007ff819591000 	/System/Library/Frameworks/DiskArbitration.framework/Versions/A/DiskArbitration
0x00007ff81ee9a000 	/System/Library/PrivateFrameworks/MultitouchSupport.framework/Versions/A/MultitouchSupport
0x00007ff817a18000 	/usr/lib/libenergytrace.dylib
0x00007ff815477000 	/System/Library/Frameworks/IOKit.framework/Versions/A/IOKit
0x00007ff823c60000 	/System/Library/Frameworks/CoreServices.framework/Versions/A/CoreServices
0x00007ff81a1d7000 	/System/Library/PrivateFrameworks/PerformanceAnalysis.framework/Versions/A/PerformanceAnalysis
0x00007ffa2b8b7000 	/System/Library/Frameworks/OpenGL.framework/Versions/A/OpenGL
0x00007ff81ce01000 	/System/Library/PrivateFrameworks/MobileKeyBag.framework/Versions/A/MobileKeyBag
0x00007ff818501000 	/System/Library/Frameworks/ColorSync.framework/Versions/A/ColorSync
0x00007ff812b12000 	/System/Library/Frameworks/CoreFoundation.framework/Versions/A/CoreFoundation
0x00007ff81bd95000 	/System/Library/Frameworks/CoreImage.framework/Versions/A/CoreImage
0x00007ff8141f6000 	/System/Library/Frameworks/CoreText.framework/Versions/A/CoreText
0x00007ff81bb4e000 	/System/Library/Frameworks/ImageIO.framework/Versions/A/ImageIO
0x00007ff81d8cb000 	/System/Library/PrivateFrameworks/SoftLinking.framework/Versions/A/SoftLinking
0x00007ff81a288000 	/usr/lib/libxml2.2.dylib
0x00007ff81db4f000 	/usr/lib/libcompression.dylib
0x00007ff81f601000 	/System/Library/PrivateFrameworks/TextureIO.framework/Versions/A/TextureIO
0x00007ff81e23d000 	/usr/lib/libate.dylib
0x00007ff81e019000 	/usr/lib/liblzma.5.dylib
0x00007ff8136a0000 	/System/Library/Frameworks/SystemConfiguration.framework/Versions/A/SystemConfiguration
0x00007ff81d8c7000 	/usr/lib/libfakelink.dylib
0x00007ff817571000 	/System/Library/Frameworks/CFNetwork.framework/Versions/A/CFNetwork
0x00007ff81da08000 	/usr/lib/libarchive.2.dylib
0x00007ff81c19b000 	/System/Library/PrivateFrameworks/AppleSystemInfo.framework/Versions/A/AppleSystemInfo
0x00007ff81cf02000 	/usr/lib/libbsm.0.dylib
0x00007ff816b80000 	/usr/lib/libnetwork.dylib
0x00007ff81d860000 	/usr/lib/system/libkxld.dylib
0x00007ff81cb35000 	/System/Library/PrivateFrameworks/IOMobileFramebuffer.framework/Versions/A/IOMobileFramebuffer
0x00007ffb2b286000 	/usr/lib/libCoreEntitlements.dylib
0x00007ff81d574000 	/System/Library/PrivateFrameworks/AppleFSCompression.framework/Versions/A/AppleFSCompression
0x00007ff81ceea000 	/usr/lib/libcoretls.dylib
0x00007ff81e033000 	/usr/lib/libcoretls_cfhelpers.dylib
0x00007ff81db4a000 	/usr/lib/libpam.2.dylib
0x00007ff818ed3000 	/usr/lib/libsqlite3.dylib
0x00007ff81e0a2000 	/usr/lib/libxar.1.dylib
0x00007ff81d584000 	/usr/lib/libbz2.1.0.dylib
0x00007ff81d8cc000 	/usr/lib/libpcap.A.dylib
0x00007ff8192ac000 	/usr/lib/libdns_services.dylib
0x00007ff81db1a000 	/usr/lib/libapple_nghttp2.dylib
0x00007ff81d906000 	/usr/lib/libiconv.2.dylib
0x00007ff81d859000 	/usr/lib/libcharset.1.dylib
0x00007ff81a20b000 	/System/Library/Frameworks/CoreServices.framework/Versions/A/Frameworks/FSEvents.framework/Versions/A/FSEvents
0x00007ff815111000 	/System/Library/Frameworks/CoreServices.framework/Versions/A/Frameworks/CarbonCore.framework/Versions/A/CarbonCore
0x00007ff8194f5000 	/System/Library/Frameworks/CoreServices.framework/Versions/A/Frameworks/Metadata.framework/Versions/A/Metadata
0x00007ff81d597000 	/System/Library/Frameworks/CoreServices.framework/Versions/A/Frameworks/OSServices.framework/Versions/A/OSServices
0x00007ff81da8f000 	/System/Library/Frameworks/CoreServices.framework/Versions/A/Frameworks/SearchKit.framework/Versions/A/SearchKit
0x00007ff81923e000 	/System/Library/Frameworks/CoreServices.framework/Versions/A/Frameworks/AE.framework/Versions/A/AE
0x00007ff813015000 	/System/Library/Frameworks/CoreServices.framework/Versions/A/Frameworks/LaunchServices.framework/Versions/A/LaunchServices
0x00007ff81dfca000 	/System/Library/Frameworks/CoreServices.framework/Versions/A/Frameworks/DictionaryServices.framework/Versions/A/DictionaryServices
0x00007ff81a218000 	/System/Library/Frameworks/CoreServices.framework/Versions/A/Frameworks/SharedFileList.framework/Versions/A/SharedFileList
0x00007ff81cede000 	/usr/lib/libCheckFix.dylib
0x00007ff817a7d000 	/System/Library/PrivateFrameworks/TCC.framework/Versions/A/TCC
0x00007ff81c1a1000 	/System/Library/PrivateFrameworks/CoreNLP.framework/Versions/A/CoreNLP
0x00007ff8194a5000 	/System/Library/PrivateFrameworks/MetadataUtilities.framework/Versions/A/MetadataUtilities
0x00007ff813751000 	/usr/lib/libmecabra.dylib
0x00007ff81cf12000 	/usr/lib/libmecab.dylib
0x00007ff81371c000 	/usr/lib/libCRFSuite.dylib
0x00007ff81cf6c000 	/usr/lib/libgermantok.dylib
0x00007ff81daf5000 	/usr/lib/libThaiTokenizer.dylib
0x00007ff819598000 	/System/Library/Frameworks/Accelerate.framework/Versions/A/Frameworks/vImage.framework/Versions/A/vImage
0x00007ff823c37000 	/System/Library/Frameworks/Accelerate.framework/Versions/A/Frameworks/vecLib.framework/Versions/A/vecLib
0x00007ff81e0e3000 	/System/Library/Frameworks/Accelerate.framework/Versions/A/Frameworks/vecLib.framework/Versions/A/libvMisc.dylib
0x00007ff81c960000 	/System/Library/Frameworks/Accelerate.framework/Versions/A/Frameworks/vecLib.framework/Versions/A/libvDSP.dylib
0x00007ff813390000 	/System/Library/Frameworks/Accelerate.framework/Versions/A/Frameworks/vecLib.framework/Versions/A/libBLAS.dylib
0x00007ff81dc2c000 	/System/Library/Frameworks/Accelerate.framework/Versions/A/Frameworks/vecLib.framework/Versions/A/libLAPACK.dylib
0x00007ff81cf6f000 	/System/Library/Frameworks/Accelerate.framework/Versions/A/Frameworks/vecLib.framework/Versions/A/libLinearAlgebra.dylib
0x00007ff81db32000 	/System/Library/Frameworks/Accelerate.framework/Versions/A/Frameworks/vecLib.framework/Versions/A/libSparseBLAS.dylib
0x00007ff81dc26000 	/System/Library/Frameworks/Accelerate.framework/Versions/A/Frameworks/vecLib.framework/Versions/A/libQuadrature.dylib
0x00007ff81c28c000 	/System/Library/Frameworks/Accelerate.framework/Versions/A/Frameworks/vecLib.framework/Versions/A/libBNNS.dylib
0x00007ff81362a000 	/System/Library/Frameworks/Accelerate.framework/Versions/A/Frameworks/vecLib.framework/Versions/A/libSparse.dylib
0x00007ff81c285000 	/System/Library/PrivateFrameworks/LinguisticData.framework/Versions/A/LinguisticData
0x00007ff8135e0000 	/System/Library/PrivateFrameworks/Lexicon.framework/Versions/A/Lexicon
0x00007ff81e0dc000 	/usr/lib/libChineseTokenizer.dylib
0x00007ff813d4b000 	/System/Library/PrivateFrameworks/LanguageModeling.framework/Versions/A/LanguageModeling
0x00007ff81daf7000 	/System/Library/PrivateFrameworks/AppleSauce.framework/Versions/A/AppleSauce
0x00007ff81cb23000 	/System/Library/PrivateFrameworks/CoreEmoji.framework/Versions/A/CoreEmoji
0x00007ff81d9f7000 	/usr/lib/libcmph.dylib
0x00007ff81a1ef000 	/System/Library/Frameworks/OpenDirectory.framework/Versions/A/Frameworks/CFOpenDirectory.framework/Versions/A/CFOpenDirectory
0x00007ff81a1e3000 	/System/Library/Frameworks/OpenDirectory.framework/Versions/A/OpenDirectory
0x00007ff81e035000 	/System/Library/PrivateFrameworks/APFS.framework/Versions/A/APFS
0x00007ff81ce39000 	/System/Library/Frameworks/SecurityFoundation.framework/Versions/A/SecurityFoundation
0x00007ff81e0b0000 	/usr/lib/libutil.dylib
0x00007ff81543b000 	/System/Library/PrivateFrameworks/CoreServicesStore.framework/Versions/A/CoreServicesStore
0x00007ff81e0b4000 	/usr/lib/libxslt.1.dylib
0x00007ff81cec6000 	/System/Library/PrivateFrameworks/BackgroundTaskManagement.framework/Versions/A/BackgroundTaskManagement
0x00007ff81f521000 	/System/Library/Frameworks/ImageIO.framework/Versions/A/Resources/libRadiance.dylib
0x00007ff81f52a000 	/System/Library/Frameworks/ImageIO.framework/Versions/A/Resources/libJPEG.dylib
0x00007ff81f479000 	/System/Library/Frameworks/ImageIO.framework/Versions/A/Resources/libPng.dylib
0x00007ff81f49a000 	/System/Library/Frameworks/ImageIO.framework/Versions/A/Resources/libTIFF.dylib
0x00007ff81f58a000 	/System/Library/Frameworks/ImageIO.framework/Versions/A/Resources/libGIF.dylib
0x00007ff81edb4000 	/System/Library/Frameworks/ImageIO.framework/Versions/A/Resources/libJP2.dylib
0x00007ff81e4f2000 	/usr/lib/libexpat.1.dylib
0x00007ff81ed69000 	/System/Library/PrivateFrameworks/AppleJPEG.framework/Versions/A/AppleJPEG
0x00007ff81b6d5000 	/System/Library/PrivateFrameworks/FontServices.framework/libFontParser.dylib
0x00007ff8191e8000 	/System/Library/PrivateFrameworks/RunningBoardServices.framework/Versions/A/RunningBoardServices
0x00007ff829ef2000 	/System/Library/PrivateFrameworks/IOSurfaceAccelerator.framework/Versions/A/IOSurfaceAccelerator
0x00007ff81ee96000 	/System/Library/PrivateFrameworks/WatchdogClient.framework/Versions/A/WatchdogClient
0x00007ff813e39000 	/System/Library/Frameworks/CoreDisplay.framework/Versions/A/CoreDisplay
0x00007ff81b5d3000 	/System/Library/Frameworks/CoreMedia.framework/Versions/A/CoreMedia
0x00007ff81b467000 	/System/Library/PrivateFrameworks/IOAccelerator.framework/Versions/A/IOAccelerator
0x00007ff81a36c000 	/System/Library/Frameworks/CoreVideo.framework/Versions/A/CoreVideo
0x00007ff81db48000 	/System/Library/Frameworks/MetalPerformanceShaders.framework/Versions/A/MetalPerformanceShaders
0x00007ff81eed3000 	/System/Library/Frameworks/VideoToolbox.framework/Versions/A/VideoToolbox
0x00007ff819132000 	/System/Library/PrivateFrameworks/BaseBoard.framework/Versions/A/BaseBoard
0x00007ff818eb9000 	/System/Library/PrivateFrameworks/ProtocolBuffer.framework/Versions/A/ProtocolBuffer
0x00007ff81f51a000 	/System/Library/PrivateFrameworks/GPUWrangler.framework/Versions/A/GPUWrangler
0x00007ff81f4fe000 	/System/Library/PrivateFrameworks/IOPresentment.framework/Versions/A/IOPresentment
0x00007ff81f524000 	/System/Library/PrivateFrameworks/DSExternalDisplay.framework/Versions/A/DSExternalDisplay
0x00007ffa2b8ab000 	/System/Library/Frameworks/OpenGL.framework/Versions/A/Libraries/libCoreFSCache.dylib
0x00007ffb18982000 	/System/Library/PrivateFrameworks/GPUCompiler.framework/Versions/31001/Libraries/libGPUCompilerUtils.dylib
0x00007ff81f58f000 	/System/Library/PrivateFrameworks/CMCaptureCore.framework/Versions/A/CMCaptureCore
0x00007ff81ea9a000 	/System/Library/PrivateFrameworks/AppServerSupport.framework/Versions/A/AppServerSupport
0x00007ff820d5d000 	/System/Library/PrivateFrameworks/perfdata.framework/Versions/A/perfdata
0x00007ff813f65000 	/System/Library/PrivateFrameworks/AudioToolboxCore.framework/Versions/A/AudioToolboxCore
0x00007ff81b5b1000 	/System/Library/PrivateFrameworks/caulk.framework/Versions/A/caulk
0x00007ff82066f000 	/usr/lib/libAudioStatistics.dylib
0x00007ff918363000 	/System/Library/PrivateFrameworks/SystemPolicy.framework/Versions/A/SystemPolicy
0x00007ff8208ca000 	/usr/lib/libSMC.dylib
0x00007ff8297ea000 	/System/Library/Frameworks/CoreMIDI.framework/Versions/A/CoreMIDI
0x00007ff81f448000 	/usr/lib/libAudioToolboxUtility.dylib
0x00007ff91458f000 	/System/Library/PrivateFrameworks/OSAServicesClient.framework/Versions/A/OSAServicesClient
0x00007ff820d6a000 	/usr/lib/libperfcheck.dylib
0x00007ff918e10000 	/usr/lib/libmis.dylib
0x00007ffa2b906000 	/System/Library/Frameworks/OpenGL.framework/Versions/A/Libraries/libGLU.dylib
0x00007ffa2b8ca000 	/System/Library/Frameworks/OpenGL.framework/Versions/A/Libraries/libGFXShared.dylib
0x00007ffa2bad3000 	/System/Library/Frameworks/OpenGL.framework/Versions/A/Libraries/libGL.dylib
0x00007ffa2b8d3000 	/System/Library/Frameworks/OpenGL.framework/Versions/A/Libraries/libGLImage.dylib
0x00007ffa2b8c7000 	/System/Library/Frameworks/OpenGL.framework/Versions/A/Libraries/libCVMSPluginSupport.dylib
0x00007ffa2b8b2000 	/System/Library/Frameworks/OpenGL.framework/Versions/A/Libraries/libCoreVMClient.dylib
0x00007ff81c11d000 	/System/Library/Frameworks/MetalPerformanceShaders.framework/Versions/A/Frameworks/MPSCore.framework/Versions/A/MPSCore
0x00007ff81d4df000 	/System/Library/Frameworks/MetalPerformanceShaders.framework/Versions/A/Frameworks/MPSImage.framework/Versions/A/MPSImage
0x00007ff81cf85000 	/System/Library/Frameworks/MetalPerformanceShaders.framework/Versions/A/Frameworks/MPSNeuralNetwork.framework/Versions/A/MPSNeuralNetwork
0x00007ff81d3f9000 	/System/Library/Frameworks/MetalPerformanceShaders.framework/Versions/A/Frameworks/MPSMatrix.framework/Versions/A/MPSMatrix
0x00007ff81d1b4000 	/System/Library/Frameworks/MetalPerformanceShaders.framework/Versions/A/Frameworks/MPSRayIntersector.framework/Versions/A/MPSRayIntersector
0x00007ff81d431000 	/System/Library/Frameworks/MetalPerformanceShaders.framework/Versions/A/Frameworks/MPSNDArray.framework/Versions/A/MPSNDArray
0x00007ffa3138b000 	/System/Library/Frameworks/MetalPerformanceShaders.framework/Versions/A/Frameworks/MPSFunctions.framework/Versions/A/MPSFunctions
0x00007ff81326c000 	/System/Library/PrivateFrameworks/MetalTools.framework/Versions/A/MetalTools
0x00007ff81c199000 	/System/Library/PrivateFrameworks/AggregateDictionary.framework/Versions/A/AggregateDictionary
0x00007ff81e2d4000 	/usr/lib/libIOReport.dylib
0x00007ffa2cee2000 	/System/Library/Frameworks/OpenCL.framework/Versions/A/OpenCL
0x00007ff81e638000 	/System/Library/PrivateFrameworks/FaceCore.framework/Versions/A/FaceCore
0x00007ff81e629000 	/System/Library/PrivateFrameworks/GraphVisualizer.framework/Versions/A/GraphVisualizer
0x00007ffb1888d000 	/System/Library/PrivateFrameworks/FontServices.framework/Versions/A/FontServices
0x00007ff81ea52000 	/System/Library/PrivateFrameworks/OTSVG.framework/Versions/A/OTSVG
0x00007ff819f52000 	/System/Library/Frameworks/ApplicationServices.framework/Versions/A/Frameworks/ATS.framework/Versions/A/Resources/libFontRegistry.dylib
0x00007ff81eaa2000 	/System/Library/PrivateFrameworks/FontServices.framework/libhvf.dylib
0x00007ffb1888e000 	/System/Library/PrivateFrameworks/FontServices.framework/libXTFontStaticRegistryData.dylib
0x00007ff81e4a2000 	/System/Library/PrivateFrameworks/AppleVA.framework/Versions/A/AppleVA
0x00007ff82068f000 	/System/Library/Frameworks/ApplicationServices.framework/Versions/A/Frameworks/ATS.framework/Versions/A/ATS
0x00007ff8185ff000 	/System/Library/Frameworks/ApplicationServices.framework/Versions/A/Frameworks/HIServices.framework/Versions/A/HIServices
0x00007ff81f599000 	/System/Library/Frameworks/ApplicationServices.framework/Versions/A/Frameworks/PrintCore.framework/Versions/A/PrintCore
0x00007ff820a1d000 	/System/Library/Frameworks/ApplicationServices.framework/Versions/A/Frameworks/QD.framework/Versions/A/QD
0x00007ff820a15000 	/System/Library/Frameworks/ApplicationServices.framework/Versions/A/Frameworks/ColorSyncLegacy.framework/Versions/A/ColorSyncLegacy
0x00007ff82067f000 	/System/Library/Frameworks/ApplicationServices.framework/Versions/A/Frameworks/SpeechSynthesis.framework/Versions/A/SpeechSynthesis
0x00007ff81f55a000 	/System/Library/Frameworks/ApplicationServices.framework/Versions/A/Frameworks/ATSUI.framework/Versions/A/ATSUI
0x00007ff8209aa000 	/usr/lib/libcups.2.dylib
0x00007ff820d79000 	/System/Library/Frameworks/Kerberos.framework/Versions/A/Kerberos
0x00007ff820d88000 	/System/Library/Frameworks/GSS.framework/Versions/A/GSS
0x00007ff8206fb000 	/usr/lib/libresolv.9.dylib
0x00007ff81eab1000 	/System/Library/PrivateFrameworks/Heimdal.framework/Versions/A/Heimdal
0x00007ff82796d000 	/System/Library/Frameworks/Kerberos.framework/Versions/A/Libraries/libHeimdalProxy.dylib
0x00007ff8192bc000 	/System/Library/Frameworks/Network.framework/Versions/A/Network
0x00007ff81e50c000 	/usr/lib/libheimdal-asn1.dylib
0x00007ff820dd3000 	/System/Library/PrivateFrameworks/CommonAuth.framework/Versions/A/CommonAuth
0x00007ff820601000 	/System/Library/PrivateFrameworks/AudioSession.framework/Versions/A/AudioSession
0x00007ff81e59c000 	/System/Library/PrivateFrameworks/MediaExperience.framework/Versions/A/MediaExperience
0x00007ff820493000 	/System/Library/PrivateFrameworks/AudioSession.framework/libSessionUtility.dylib
0x00007ff820a29000 	/System/Library/PrivateFrameworks/AudioResourceArbitration.framework/Versions/A/AudioResourceArbitration
0x00007ff824aaa000 	/System/Library/PrivateFrameworks/PowerLog.framework/Versions/A/PowerLog
0x00007ff81e515000 	/System/Library/PrivateFrameworks/IconFoundation.framework/Versions/A/IconFoundation
0x00007ff823860000 	/System/Library/PrivateFrameworks/SpeechRecognitionCore.framework/Versions/A/SpeechRecognitionCore
0x000000010cdda000 	/Users/jonathan/Developer/jdk-17.0.2.jdk/Contents/Home/lib/server/libjvm.dylib
0x000000010ba02000 	/Users/jonathan/Developer/jdk-17.0.2.jdk/Contents/Home/lib/libjimage.dylib
0x000000010ba40000 	/Users/jonathan/Developer/jdk-17.0.2.jdk/Contents/Home/lib/libjava.dylib
0x000000010bd15000 	/Users/jonathan/Developer/jdk-17.0.2.jdk/Contents/Home/lib/libnio.dylib
0x000000010bd4f000 	/Users/jonathan/Developer/jdk-17.0.2.jdk/Contents/Home/lib/libnet.dylib
0x000000010bd31000 	/Users/jonathan/Developer/jdk-17.0.2.jdk/Contents/Home/lib/libzip.dylib
0x000000010ba35000 	/private/var/folders/rm/1qd3sg1n6gx12kbf39xgp73w0000gn/T/jansi-2.4.0-ebf90909f597d2a8-libjansi.jnilib
0x000000010bd6f000 	/Users/jonathan/Developer/jdk-17.0.2.jdk/Contents/Home/lib/libverify.dylib
0x000000010bd87000 	/Users/jonathan/Library/Caches/JNA/temp/jna6960077070503610005.tmp


VM Arguments:
jvm_args: --add-opens=java.base/java.util=ALL-UNNAMED --add-opens=java.base/java.lang.reflect=ALL-UNNAMED --add-opens=java.base/java.text=ALL-UNNAMED --add-opens=java.desktop/java.awt.font=ALL-UNNAMED -Dclassworlds.conf=/Users/jonathan/Developer/apache-maven-3.8.5/bin/m2.conf -Dmaven.home=/Users/jonathan/Developer/apache-maven-3.8.5 -Dlibrary.jansi.path=/Users/jonathan/Developer/apache-maven-3.8.5/lib/jansi-native -Dmaven.multiModuleProjectDirectory=/Users/jonathan/Workspaces/telenav-build 
java_command: org.codehaus.plexus.classworlds.launcher.Launcher -Dmaven.test.skip=true clean install
java_class_path (initial): /Users/jonathan/Developer/apache-maven-3.8.5/boot/plexus-classworlds-2.6.0.jar
Launcher Type: SUN_STANDARD

[Global flags]
     intx CICompilerCount                          = 12                                        {product} {ergonomic}
     uint ConcGCThreads                            = 3                                         {product} {ergonomic}
     uint G1ConcRefinementThreads                  = 13                                        {product} {ergonomic}
   size_t G1HeapRegionSize                         = 16777216                                  {product} {ergonomic}
    uintx GCDrainStackTargetSize                   = 64                                        {product} {ergonomic}
   size_t InitialHeapSize                          = 2147483648                                {product} {ergonomic}
   size_t MarkStackSize                            = 4194304                                   {product} {ergonomic}
   size_t MaxHeapSize                              = 32178700288                               {product} {ergonomic}
   size_t MaxNewSize                               = 19293798400                               {product} {ergonomic}
   size_t MinHeapDeltaBytes                        = 16777216                                  {product} {ergonomic}
   size_t MinHeapSize                              = 16777216                                  {product} {ergonomic}
    uintx NonNMethodCodeHeapSize                   = 7602480                                {pd product} {ergonomic}
    uintx NonProfiledCodeHeapSize                  = 122027880                              {pd product} {ergonomic}
    uintx ProfiledCodeHeapSize                     = 122027880                              {pd product} {ergonomic}
    uintx ReservedCodeCacheSize                    = 251658240                              {pd product} {ergonomic}
     bool SegmentedCodeCache                       = true                                      {product} {ergonomic}
   size_t SoftMaxHeapSize                          = 32178700288                            {manageable} {ergonomic}
     bool UseCompressedClassPointers               = true                           {product lp64_product} {ergonomic}
     bool UseCompressedOops                        = true                           {product lp64_product} {ergonomic}
     bool UseG1GC                                  = true                                      {product} {ergonomic}
     bool UseNUMA                                  = false                                     {product} {ergonomic}
     bool UseNUMAInterleaving                      = false                                     {product} {ergonomic}

Logging:
Log output configuration:
 #0: stdout all=warning uptime,level,tags
 #1: stderr all=off uptime,level,tags

Environment Variables:
JAVA_HOME=/Users/jonathan/Developer/jdk-17.0.2.jdk/Contents/Home
PATH=/Users/jonathan/Developer/jdk-17.0.2.jdk/Contents/Home/bin:/Users/jonathan/Developer/apache-maven-3.8.5/bin:/Users/jonathan/bin:/usr/local/bin:/usr/bin:/bin:/usr/sbin:/sbin:/Library/TeX/texbin:/Library/Apple/usr/bin:/Applications/Postgres.app/Contents/Versions/latest/bin:/Users/jonathan/Workspaces/telenav-build/bin
SHELL=/bin/bash
LANG=en_US.UTF-8

Signal Handlers:
   SIGSEGV: _ZL13crash_handleriP9__siginfoPv in libjvm.dylib, mask=11100110000111110111111111111111, flags=SA_RESTART|SA_SIGINFO
    SIGBUS: _ZL13crash_handleriP9__siginfoPv in libjvm.dylib, mask=11100110000111110111111111111111, flags=SA_RESTART|SA_SIGINFO
    SIGFPE: _ZL13crash_handleriP9__siginfoPv in libjvm.dylib, mask=11100110000111110111111111111111, flags=SA_RESTART|SA_SIGINFO
   SIGPIPE: _ZL17javaSignalHandleriP9__siginfoPv in libjvm.dylib, mask=11100110000111110111111111111111, flags=SA_RESTART|SA_SIGINFO
   SIGXFSZ: _ZL17javaSignalHandleriP9__siginfoPv in libjvm.dylib, mask=11100110000111110111111111111111, flags=SA_RESTART|SA_SIGINFO
    SIGILL: _ZL13crash_handleriP9__siginfoPv in libjvm.dylib, mask=11100110000111110111111111111111, flags=SA_RESTART|SA_SIGINFO
   SIGUSR2: SIG_IGN, mask=00000000000000000000000000000000, flags=SA_RESTART
  *** Handler was modified!
  *** Expected: _ZL10SR_handleriP9__siginfoP17__darwin_ucontext in libjvm.dylib, mask=00000000000000000000000000000000, flags=SA_RESTART|SA_SIGINFO
    SIGHUP: _ZL11UserHandleriPvS_ in libjvm.dylib, mask=11100110000111110111111111111111, flags=SA_RESTART|SA_SIGINFO
    SIGINT: _ZL11UserHandleriPvS_ in libjvm.dylib, mask=11100110000111110111111111111111, flags=SA_RESTART|SA_SIGINFO
   SIGTERM: _ZL11UserHandleriPvS_ in libjvm.dylib, mask=11100110000111110111111111111111, flags=SA_RESTART|SA_SIGINFO
   SIGQUIT: _ZL11UserHandleriPvS_ in libjvm.dylib, mask=11100110000111110111111111111111, flags=SA_RESTART|SA_SIGINFO
   SIGTRAP: _ZL13crash_handleriP9__siginfoPv in libjvm.dylib, mask=11100110000111110111111111111111, flags=SA_RESTART|SA_SIGINFO


---------------  S Y S T E M  ---------------

OS:
uname: Darwin 21.6.0 Darwin Kernel Version 21.6.0: Mon Aug 22 20:17:10 PDT 2022; root:xnu-8020.140.49~2/RELEASE_X86_64 x86_64
OS uptime: 6 days 18:17 hours
rlimit (soft/hard): STACK 8192k/65532k , CORE 0k/infinity , NPROC 11136/11136 , NOFILE 10240/infinity , AS infinity/infinity , CPU infinity/infinity , DATA infinity/infinity , FSIZE infinity/infinity , MEMLOCK infinity/infinity , RSS infinity/infinity
load average: 3.89 2.77 2.38

CPU: total 16 (initial active 16) (8 cores per cpu, 2 threads per core) family 6 model 165 stepping 5 microcode 0xf0, cx8, cmov, fxsr, ht, mmx, 3dnowpref, sse, sse2, sse3, ssse3, sse4.1, sse4.2, popcnt, lzcnt, tsc, tscinvbit, avx, avx2, aes, erms, clmul, bmi1, bmi2, adx, fma, vzeroupper, clflush, clflushopt

Memory: 4k page, physical 134217728k(1501080k free), swap 0k(0k free)

vm_info: OpenJDK 64-Bit Server VM (17.0.2+8-86) for bsd-amd64 JRE (17.0.2+8-86), built on Dec  7 2021 21:47:33 by "mach5one" with clang Apple LLVM 12.0.0 (clang-1200.0.32.29)

END.
